<?xml version="1.0" encoding="UTF-8"?>
<!-- Generated by org.testng.reporters.JUnitReportReporter -->
<testsuite hostname="LAPTOP-99E1KM0D" failures="0" tests="1" name="TestCases.login" time="16.034" errors="0" timestamp="2023-09-11T20:10:49 IST" skipped="0">
  <testcase classname="TestCases.login" name="verifyValidLogin" time="16.034"/>
</testsuite> <!-- TestCases.login -->
